INFO: scarlite at Point2D.Double[11.5, 14.5] is looking to roam...
INFO: scarlite at Point2D.Double[11.5, 14.5] is ROAMING: 0.5
INFO: scarlite at Point2D.Double[1.5, 14.5] is looking to roam...
INFO:   -- invalid goal! -1,17
INFO: scarlite at Point2D.Double[1.5, 4.5] is looking to roam...
INFO: scarlite at Point2D.Double[1.5, 4.5] is ROAMING: 0.5
INFO: scarlite at Point2D.Double[11.5, 4.5] is looking to roam...
INFO: scarlite at Point2D.Double[2.500556095378813, 15.500556095378812] is looking to roam...
INFO: scarlite at Point2D.Double[12.500556095378812, 3.499443904621188] is looking to roam...
INFO: scarlite at Point2D.Double[12.500556095378812, 3.499443904621188] is ROAMING: 0.5
INFO: scarlite at Point2D.Double[3.5005559405854747, 15.4999996906718] is looking to roam...
INFO: scarlite at Point2D.Double[3.5005559405854747, 15.4999996906718] is ROAMING: 0.5
INFO: scarlite at Point2D.Double[14.058312334332538, 16.93331233433254] is looking to roam...
INFO: scarlite at Point2D.Double[14.058312334332538, 16.93331233433254] is ROAMING: 0.25
INFO: scarlite at Point2D.Double[14.444208630011968, 16.41090045643888] is looking to roam...
INFO:   -- invalid goal! 9,20
INFO: scarlite at Point2D.Double[14.568064526689515, 16.183241046220743] is looking to roam...
INFO: scarlite at Point2D.Double[14.568064526689515, 16.183241046220743] is ROAMING: 0.125
INFO: scarlite at Point2D.Double[14.547056257736362, 16.156009408361044] is looking to roam...
INFO: scarlite at Point2D.Double[14.547056257736362, 16.156009408361044] is ROAMING: 0.0625
INFO: scarlite at Point2D.Double[15.500555940583094, 3.5000000000000018] is looking to roam...
INFO: scarlite at Point2D.Double[15.500555940583094, 3.5000000000000018] is ROAMING: 0.25
INFO: scarlite at Point2D.Double[14.533502962041158, 16.130086692214476] is looking to roam...
INFO: scarlite at Point2D.Double[14.599951991730645, 15.941570051914518] captured by [VacuumTower id (7) at 14,14:4-south]
INFO: scarlite at Point2D.Double[4.500461054412021, 5.499538945588142] is looking to roam...
INFO: scarlite at Point2D.Double[4.500461054412021, 5.499538945588142] is ROAMING: 0.25
INFO: scarlite at Point2D.Double[7.500999499009367, 14.500000999117859] is looking to roam...
INFO: scarlite at Point2D.Double[7.500999499009367, 14.500000999117859] is looking to roam...
INFO: scarlite at Point2D.Double[7.500999499009367, 14.500000999117859] is ROAMING: 0.25
INFO: scarlite at Point2D.Double[16.50083190327697, 6.4999998778119] is looking to roam...
INFO:   -- invalid goal! 20,7
INFO: scarlite at Point2D.Double[6.499999999999954, 4.499405059550078] is looking to roam...
INFO: scarlite at Point2D.Double[6.499999999999954, 4.499405059550078] is ROAMING: 0.125
INFO: scarlite at Point2D.Double[6.499999999999954, 4.5004050595500935] is looking to roam...
INFO: scarlite at Point2D.Double[5.499650961992129, 18.500348688969453] is looking to roam...
INFO: scarlite at Point2D.Double[5.499650961992129, 18.500348688969453] is ROAMING: 0.125
INFO: scarlite at Point2D.Double[7.500999917881932, 4.499999594973941] is looking to roam...
INFO: scarlite at Point2D.Double[11.5, 14.5] is looking to roam...
INFO: scarlite at Point2D.Double[1.5, 14.5] is looking to roam...
INFO: scarlite at Point2D.Double[1.5, 4.5] is looking to roam...
INFO: scarlite at Point2D.Double[11.5, 4.5] is looking to roam...
INFO: scarlite at Point2D.Double[12.500556095378812, 13.499443904621188] is looking to roam...
INFO: scarlite at Point2D.Double[2.500556095378812, 15.500556095378812] is looking to roam...
INFO: scarlite at Point2D.Double[2.500556095378812, 15.500556095378812] is ROAMING: 0.5
INFO: scarlite at Point2D.Double[2.500556095378812, 5.500556095378812] is looking to roam...
INFO:   -- invalid goal! -2,7
INFO: scarlite at Point2D.Double[12.500556095378812, 3.499443904621188] is looking to roam...
INFO: scarlite at Point2D.Double[13.500555940584807, 13.5000003093282] is looking to roam...
INFO: scarlite at Point2D.Double[13.500555940584807, 13.5000003093282] is ROAMING: 0.5
INFO: scarlite at Point2D.Double[3.500555940585472, 5.499999690671803] is looking to roam...
INFO: scarlite at Point2D.Double[13.500555940584807, 3.500000309327911] is looking to roam...
INFO: scarlite at Point2D.Double[13.500555940584807, 3.500000309327911] is ROAMING: 0.5
INFO: scarlite at Point2D.Double[12.877944288233529, 13.588388437166195] is looking to roam...
INFO: scarlite at Point2D.Double[4.501555940585721, 5.5000000004814] is looking to roam...
INFO: scarlite at Point2D.Double[4.501555940585721, 5.5000000004814] is ROAMING: 0.5
INFO: scarlite at Point2D.Double[13.440457162238626, 13.6727757680368] is looking to roam...
INFO: scarlite at Point2D.Double[2.5883883477020255, 13.077944597632552] is looking to roam...
INFO: scarlite at Point2D.Double[13.588388131137322, 5.022611806989374] is looking to roam...
INFO: scarlite at Point2D.Double[3.3699301869706897, 13.026852459908966] is looking to roam...
INFO: scarlite at Point2D.Double[3.3699301869706897, 13.026852459908966] is ROAMING: 0.25
INFO: scarlite at Point2D.Double[14.500388785443242, 13.499718862190772] is looking to roam...
INFO: scarlite at Point2D.Double[14.500388785443242, 13.499718862190772] is ROAMING: 0.25
INFO: scarlite at Point2D.Double[13.499838835027528, 4.499047081135755] is looking to roam...
INFO: scarlite at Point2D.Double[13.499838835027528, 4.499047081135755] is ROAMING: 0.25
INFO: scarlite at Point2D.Double[3.500000444015547, 4.499000098691818] is looking to roam...
INFO: scarlite at Point2D.Double[3.5000000000000053, 5.500000098691311] is looking to roam...
INFO: scarlite at Point2D.Double[6.500000000001016, 5.499999999999872] is looking to roam...
INFO: scarlite at Point2D.Double[16.499999000800997, 4.500999499802468] is looking to roam...
