INFO: scarabug at Point2D.Double[14.000050865420857, 4.08990002016203] captured by [VacuumTower id (5) at 14,4:4-northwest]
INFO: scarabug at Point2D.Double[14.094470181742611, 4.005583587169269] captured by [VacuumTower id (5) at 14,4:4-northwest]
INFO: scarabug at Point2D.Double[14.599776622081816, 14.033052620317207] captured by [VacuumTower id (7) at 14,14:2-north]
INFO: scarabug at Point2D.Double[5.998247507970904, 4.626787694084385] captured by [VacuumTower id (4) at 4,3:4-east]
INFO: scarlite at Point2D.Double[11.5, 14.5] is looking to roam...
INFO: scarlite at Point2D.Double[1.5, 14.5] is looking to roam...
INFO: scarlite at Point2D.Double[1.5, 14.5] is ROAMING: 0.5
INFO: scarlite at Point2D.Double[1.5, 4.5] is looking to roam...
INFO: scarlite at Point2D.Double[1.5, 4.5] is ROAMING: 0.5
INFO: scarlite at Point2D.Double[11.5, 4.5] is looking to roam...
INFO: scarlite at Point2D.Double[11.5, 4.5] is ROAMING: 0.5
INFO: scarlite at Point2D.Double[1.625, 14.478000000000012] is looking to roam...
INFO:   -- invalid goal! -2,11
INFO: scarabug at Point2D.Double[5.989998943803794, 4.5000000000761275] captured by [VacuumTower id (4) at 4,3:4-east]
INFO: scarlite at Point2D.Double[2.5000207408431425, 15.500843143667652] is looking to roam...
INFO:   -- invalid goal! -1,11
INFO: scarlite at Point2D.Double[12.500556095378812, 13.499443904621188] is looking to roam...
INFO: scarlite at Point2D.Double[13.500555940585187, 13.500000309328204] is looking to roam...
INFO: scarlite at Point2D.Double[4.500020385383401, 15.50000000000022] is looking to roam...
INFO: scarlite at Point2D.Double[4.500020385383401, 15.50000000000022] is ROAMING: 0.25
INFO: scarlite at Point2D.Double[14.500555940584654, 13.49999999982813] is looking to roam...
INFO: scarlite at Point2D.Double[14.500555940584654, 13.49999999982813] is ROAMING: 0.5
INFO: scarlite at Point2D.Double[13.49999983587358, 7.50040500186277] is looking to roam...
INFO: scarlite at Point2D.Double[13.49999983587358, 7.50040500186277] is ROAMING: 0.25
INFO: scarlite at Point2D.Double[4.500000000020517, 17.50099999979109] is looking to roam...
INFO: scarlite at Point2D.Double[4.500051397352853, 8.500051376528216] is looking to roam...
INFO: scarlite at Point2D.Double[4.500051397352853, 8.500051376528216] is ROAMING: 0.25
INFO: scarlite at Point2D.Double[17.50034856602595, 6.499651085145098] is looking to roam...
INFO: scarlite at Point2D.Double[17.50034856602595, 6.499651085145098] is ROAMING: 0.125
INFO: scarlite at Point2D.Double[6.50032328827602, 5.500000104466995] is looking to roam...
INFO: scarlite at Point2D.Double[6.375140953717073, 4.936000133939979] is looking to roam...
INFO: scarlite at Point2D.Double[6.093186919592776, 4.695066725317261] is looking to roam...
INFO: scarlite at Point2D.Double[18.5001977747493, 18.500197774818318] is looking to roam...
INFO: scarlite at Point2D.Double[18.5001977747493, 18.500197774818318] is ROAMING: 0.25
INFO: scarlite at Point2D.Double[6.166291585681231, 4.667597810632069] is looking to roam...
INFO: scarlite at Point2D.Double[6.166291585681231, 4.667597810632069] is ROAMING: 0.125
INFO: scarlite at Point2D.Double[6.1306545118464815, 4.622717219869694] is looking to roam...
INFO: scarlite at Point2D.Double[6.1306545118464815, 4.622717219869694] is ROAMING: 0.0625
INFO: scarlite at Point2D.Double[6.100553471034809, 4.591186480186488] is looking to roam...
INFO: scarlite at Point2D.Double[6.100553471034809, 4.591186480186488] is ROAMING: 0.03125
INFO: scarlite at Point2D.Double[6.073045445902645, 4.568930810428535] is looking to roam...
INFO: scarlite at Point2D.Double[6.073045445902645, 4.568930810428535] is ROAMING: 0.015625
INFO: scarlite at Point2D.Double[6.046767115192361, 4.5529924286835275] is looking to roam...
INFO: scarlite at Point2D.Double[5.996645025087698, 4.546012006376712] captured by [VacuumTower id (4) at 4,3:2-east]
INFO: scarlite at Point2D.Double[14.712388847710304, 3.5883884716562537] is looking to roam...
INFO: scarlite at Point2D.Double[14.712388847710304, 3.5883884716562537] is ROAMING: 0.0625
INFO: scarlite at Point2D.Double[14.418508353751083, 3.588084068347788] is looking to roam...
INFO:   -- invalid goal! 10,-1
INFO: scarabug at Point2D.Double[14.12897868417593, 14.015750248282789] captured by [VacuumTower id (7) at 14,14:2-northwest]
INFO: scarabug at Point2D.Double[14.177872208300656, 4.003492886555437] captured by [VacuumTower id (5) at 14,4:4-northwest]
INFO: scarlite at Point2D.Double[11.5, 14.5] is looking to roam...
INFO: scarlite at Point2D.Double[1.5, 14.5] is looking to roam...
INFO: scarlite at Point2D.Double[1.5, 14.5] is ROAMING: 0.5
INFO: scarlite at Point2D.Double[1.5, 4.5] is looking to roam...
INFO: scarlite at Point2D.Double[1.5, 4.5] is ROAMING: 0.5
INFO: scarlite at Point2D.Double[11.5, 4.5] is looking to roam...
INFO: scarlite at Point2D.Double[12.501263202159999, 13.498736797840003] is looking to roam...
INFO: scarlite at Point2D.Double[12.501263202159999, 13.498736797840003] is ROAMING: 0.5
INFO: scarlite at Point2D.Double[12.501263202159999, 3.4987367978400012] is looking to roam...
INFO: scarlite at Point2D.Double[12.501263202159999, 3.4987367978400012] is ROAMING: 0.5
INFO: scarlite at Point2D.Double[12.500000002542524, 15.502736000421354] is looking to roam...
INFO: scarlite at Point2D.Double[5.50068719817463, 6.5006873785447326] is looking to roam...
INFO: scarlite at Point2D.Double[15.500687198174543, 2.499312621455358] is looking to roam...
INFO: scarlite at Point2D.Double[16.500897865627266, 3.500057779452593] is looking to roam...
INFO: scarlite at Point2D.Double[16.500897865627266, 3.500057779452593] is ROAMING: 0.25
INFO: scarlite at Point2D.Double[6.499999691035052, 4.499444003545747] is looking to roam...
INFO: scarlite at Point2D.Double[6.499999691035052, 4.499444003545747] is ROAMING: 0.25
INFO: scarlite at Point2D.Double[6.5000000026510225, 14.501999780704622] is looking to roam...
INFO: scarlite at Point2D.Double[15.500999456845381, 13.499999999397843] is looking to roam...
INFO: scarlite at Point2D.Double[15.500999456845381, 13.499999999397843] is ROAMING: 0.25
INFO: scarlite at Point2D.Double[7.500998001096381, 14.499998004216732] is looking to roam...
INFO: scarlite at Point2D.Double[16.500000000000075, 3.500058182891898] is looking to roam...
INFO: scarlite at Point2D.Double[16.500000000000075, 4.500058182892031] is looking to roam...
INFO: scarlite at Point2D.Double[16.499999001042653, 14.500999500044596] is looking to roam...
INFO: scarabug at Point2D.Double[15.431961254076455, 4.018290774207614] captured by [VacuumTower id (5) at 14,4:4-northwest]
INFO: scarlite at Point2D.Double[5.500091696704571, 5.5000000084096605] is looking to roam...
INFO: scarlite at Point2D.Double[6.500091696705065, 5.499999999999455] is looking to roam...
INFO: scarlite at Point2D.Double[6.500091696705065, 5.499999999999455] is ROAMING: 0.125
INFO: scarlite at Point2D.Double[11.5, 14.5] is looking to roam...
INFO: scarlite at Point2D.Double[1.5, 14.5] is looking to roam...
INFO: scarlite at Point2D.Double[1.5, 4.5] is looking to roam...
INFO:   -- invalid goal! -2,1
INFO: scarlite at Point2D.Double[11.5, 4.5] is looking to roam...
INFO: scarlite at Point2D.Double[11.5, 4.5] is ROAMING: 0.5
INFO: scarlite at Point2D.Double[2.1455884912232337, 14.968811795926598] is looking to roam...
INFO: scarlite at Point2D.Double[2.1455884912232337, 14.968811795926598] is ROAMING: 0.5
INFO: scarlite at Point2D.Double[12.357720525579166, 13.819056169717474] is looking to roam...
INFO: scarlite at Point2D.Double[12.357720525579166, 13.819056169717474] is ROAMING: 0.5
INFO: scarlite at Point2D.Double[2.500030989343734, 5.500277194914018] is looking to roam...
INFO: scarlite at Point2D.Double[2.500030989343734, 5.500277194914018] is ROAMING: 0.5
INFO: scarlite at Point2D.Double[12.527564414794183, 13.724783643755377] is looking to roam...
INFO: scarlite at Point2D.Double[2.625012896582186, 4.9162771951948585] is looking to roam...
INFO: scarlite at Point2D.Double[2.625012896582186, 4.9162771951948585] is ROAMING: 0.25
INFO: scarlite at Point2D.Double[2.721250724521747, 4.820502785990904] is looking to roam...
INFO: scarlite at Point2D.Double[2.721250724521747, 4.820502785990904] is looking to roam...
INFO: scarlite at Point2D.Double[2.9865712400959854, 4.861899955017577] is looking to roam...
INFO: scarlite at Point2D.Double[2.9865712400959854, 4.861899955017577] is ROAMING: 0.0625
INFO: scarlite at Point2D.Double[3.0313321583404633, 4.802220060923943] is looking to roam...
INFO:   -- invalid goal! -1,7
INFO: scarlite at Point2D.Double[13.501055441935485, 5.501056498433883] is looking to roam...
INFO: scarlite at Point2D.Double[3.50007522357447, 5.50008194583287] is looking to roam...
INFO: scarlite at Point2D.Double[3.50007522357447, 5.50008194583287] is ROAMING: 0.125
INFO: scarlite at Point2D.Double[14.500466191265023, 13.49933662768106] is looking to roam...
INFO: scarlite at Point2D.Double[3.625033402694278, 4.944081947405721] is looking to roam...
INFO: scarlite at Point2D.Double[15.500962602003021, 13.49982251161039] is looking to roam...
INFO: scarlite at Point2D.Double[15.500962602003021, 13.49982251161039] is ROAMING: 0.25
INFO: scarlite at Point2D.Double[13.629479657431496, 4.107703237074089] is looking to roam...
INFO: scarlite at Point2D.Double[13.634513416116537, 3.8048729597838324] is looking to roam...
INFO: scarlite at Point2D.Double[13.634513416116537, 3.8048729597838324] is ROAMING: 0.25
INFO: scarlite at Point2D.Double[13.68253507040863, 3.8017707064533184] is looking to roam...
INFO: scarlite at Point2D.Double[13.68253507040863, 3.8017707064533184] is ROAMING: 0.125
INFO: scarlite at Point2D.Double[13.667410872963213, 3.719030000436625] is looking to roam...
INFO: scarlite at Point2D.Double[5.50034865705212, 11.499650993923087] is looking to roam...
INFO: scarlite at Point2D.Double[16.499998203605735, 4.500998661127227] is looking to roam...
INFO: scarlite at Point2D.Double[16.499998203605735, 4.500998661127227] is ROAMING: 0.0625
INFO: scarlite at Point2D.Double[6.499999690933819, 13.500555899338192] is looking to roam...
INFO: scarlite at Point2D.Double[6.499999690933819, 13.500555899338192] is ROAMING: 0.25
INFO: scarabug at Point2D.Double[14.117917631714473, 14.010846665335215] captured by [VacuumTower id (7) at 14,14:4-northwest]
INFO: scarlite at Point2D.Double[16.349507730140022, 4.205083194163729] is looking to roam...
INFO: scarlite at Point2D.Double[15.981588432949348, 4.431779213819125] captured by [VacuumTower id (5) at 14,4:2-east]
INFO: scarlite at Point2D.Double[11.5, 14.5] is looking to roam...
INFO: scarlite at Point2D.Double[1.5, 14.5] is looking to roam...
INFO: scarlite at Point2D.Double[1.5, 4.5] is looking to roam...
INFO: scarlite at Point2D.Double[1.5, 4.5] is ROAMING: 0.5
INFO: scarlite at Point2D.Double[11.5, 4.5] is looking to roam...
INFO: scarlite at Point2D.Double[11.5, 4.5] is ROAMING: 0.5
INFO: scarlite at Point2D.Double[12.500556095378812, 13.499443904621188] is looking to roam...
INFO: scarlite at Point2D.Double[2.500556095378812, 15.500556095378812] is looking to roam...
INFO: scarlite at Point2D.Double[2.500556095378812, 15.500556095378812] is ROAMING: 0.5
INFO: scarlite at Point2D.Double[13.500555940584814, 13.500000309328229] is looking to roam...
INFO: scarlite at Point2D.Double[14.500555940583943, 13.499999999828162] is looking to roam...
INFO: scarlite at Point2D.Double[4.052655480083047, 6.927655480083047] is looking to roam...
INFO: scarlite at Point2D.Double[15.500555940583151, 13.500000000000298] is looking to roam...
INFO: scarlite at Point2D.Double[15.500555940583151, 13.500000000000298] is ROAMING: 0.5
INFO: scarlite at Point2D.Double[5.049308224079429, 15.419706291073638] is looking to roam...
INFO: scarlite at Point2D.Double[5.248079543432458, 15.189861914266501] is looking to roam...
INFO: scarlite at Point2D.Double[5.345145419453422, 15.08890803063214] is looking to roam...
INFO: scarlite at Point2D.Double[5.4393545993239965, 14.9974435405898] captured by [VacuumTower id (6) at 4,13:4-south]
INFO: scarlite at Point2D.Double[5.566708855374886, 5.258080007276348] is looking to roam...
INFO: scarlite at Point2D.Double[5.566708855374886, 5.258080007276348] is ROAMING: 0.25
INFO: scarlite at Point2D.Double[5.513543566876741, 5.325884187985659] is looking to roam...
INFO: scarlite at Point2D.Double[5.513543566876741, 5.325884187985659] is ROAMING: 0.125
INFO: scarlite at Point2D.Double[5.588377579317656, 5.46372849248649] is looking to roam...
INFO: scarlite at Point2D.Double[5.588377579317656, 5.46372849248649] is ROAMING: 0.0625
INFO: scarlite at Point2D.Double[16.500405001860855, 6.499999999999757] is looking to roam...
INFO: scarlite at Point2D.Double[5.688298519473383, 5.3427041331128695] is looking to roam...
INFO: scarlite at Point2D.Double[5.688298519473383, 5.3427041331128695] is ROAMING: 0.03125
INFO: scarlite at Point2D.Double[5.611552702808316, 5.281814035814415] is looking to roam...
INFO: scarlite at Point2D.Double[5.611552702808316, 5.281814035814415] is ROAMING: 0.015625
INFO: scarlite at Point2D.Double[5.56603013286203, 5.24585164374218] is looking to roam...
INFO: scarlite at Point2D.Double[5.840835797941212, 4.986695778563547] captured by [VacuumTower id (4) at 4,3:4-south]
INFO: scarlite at Point2D.Double[16.151906538983948, 5.721013273932806] is looking to roam...
INFO: scarlite at Point2D.Double[16.00299334467282, 5.438907720410919] is looking to roam...
INFO:   -- invalid goal! 20,1
INFO: scarlite at Point2D.Double[15.924777547987976, 5.400204673775102] captured by [VacuumTower id (5) at 14,4:2-east]
INFO: scarlite at Point2D.Double[18.500999500710826, 16.500000000998643] is looking to roam...
INFO:   -- invalid goal! 21,20
INFO: scarlite at Point2D.Double[17.499999500711212, 16.500000000000043] is looking to roam...
INFO: scarlite at Point2D.Double[17.499999500711212, 16.500000000000043] is ROAMING: 0.25
INFO: scarlite at Point2D.Double[15.49900200199411, 13.500001995996175] is looking to roam...
INFO: scarlite at Point2D.Double[15.49900200199411, 13.500001995996175] is ROAMING: 0.125
INFO: scarabug at Point2D.Double[4.571049250832693, 14.986813935612648] captured by [VacuumTower id (6) at 4,13:4-south]
INFO: scarlite at Point2D.Double[11.5, 14.5] is looking to roam...
INFO: scarlite at Point2D.Double[1.5, 14.5] is looking to roam...
INFO: scarlite at Point2D.Double[1.5, 14.5] is ROAMING: 0.5
INFO: scarlite at Point2D.Double[1.5, 4.5] is looking to roam...
INFO: scarlite at Point2D.Double[1.5, 4.5] is ROAMING: 0.5
INFO: scarlite at Point2D.Double[11.5, 4.5] is looking to roam...
INFO: scarlite at Point2D.Double[12.500556095378812, 13.499443904621188] is looking to roam...
INFO: scarlite at Point2D.Double[12.500556095378812, 13.499443904621188] is ROAMING: 0.5
INFO: scarlite at Point2D.Double[12.500556095378812, 3.499443904621188] is looking to roam...
INFO: scarlite at Point2D.Double[12.500556095378812, 3.499443904621188] is ROAMING: 0.5
INFO: scarlite at Point2D.Double[15.500555940583663, 13.500000000000288] is looking to roam...
INFO: scarlite at Point2D.Double[15.500555940583663, 13.500000000000288] is ROAMING: 0.25
INFO: scarlite at Point2D.Double[5.50012688503711, 6.500126955617047] is looking to roam...
INFO: scarlite at Point2D.Double[14.500277815972556, 3.4999999227432905] is looking to roam...
INFO: scarlite at Point2D.Double[14.500277815972556, 3.4999999227432905] is ROAMING: 0.25
INFO: scarlite at Point2D.Double[6.500550417903028, 11.500000303637563] is looking to roam...
INFO: scarlite at Point2D.Double[6.499999999916284, 12.500000152157469] is looking to roam...
INFO: scarlite at Point2D.Double[6.499999690720081, 4.499444032125229] is looking to roam...
INFO: scarlite at Point2D.Double[6.499999690720081, 4.499444032125229] is ROAMING: 0.25
INFO: scarlite at Point2D.Double[6.2680940996468095, 13.323179979340768] is looking to roam...
INFO: scarlite at Point2D.Double[15.041190971484166, 3.7250687828208235] is looking to roam...
INFO: scarlite at Point2D.Double[15.041190971484166, 3.7250687828208235] is ROAMING: 0.125
INFO: scarlite at Point2D.Double[15.042582133101938, 3.7694157894821476] is looking to roam...
INFO: scarlite at Point2D.Double[15.042582133101938, 3.7694157894821476] is ROAMING: 0.0625
INFO: scarlite at Point2D.Double[6.172338643271912, 13.901662885297345] is looking to roam...
INFO: scarlite at Point2D.Double[6.172338643271912, 13.901662885297345] is ROAMING: 0.25
INFO: scarlite at Point2D.Double[15.070760510280714, 4.05359313769204] captured by [VacuumTower id (5) at 14,4:2-northeast]
INFO: scarlite at Point2D.Double[6.300184239051035, 13.591712720439695] is looking to roam...
INFO: scarlite at Point2D.Double[6.300184239051035, 13.591712720439695] is ROAMING: 0.125
INFO: scarlite at Point2D.Double[6.266068226455488, 13.549998204579232] is looking to roam...
INFO: scarlite at Point2D.Double[6.266068226455488, 13.549998204579232] is ROAMING: 0.0625
INFO: scarlite at Point2D.Double[6.238859590814888, 13.5290972702288] is looking to roam...
INFO: scarlite at Point2D.Double[6.007480661534062, 13.89940785680071] is looking to roam...
INFO: scarlite at Point2D.Double[16.499126876887985, 12.499999999999893] is looking to roam...
INFO: scarlite at Point2D.Double[16.499126876887985, 12.499999999999893] is ROAMING: 0.125
INFO: scarlite at Point2D.Double[6.69241310967845, 14.445965753023629] is looking to roam...
INFO: scarlite at Point2D.Double[6.69241310967845, 14.445965753023629] is ROAMING: 0.03125
INFO: scarlite at Point2D.Double[6.470174579585054, 14.473272680080104] is looking to roam...
INFO: scarlite at Point2D.Double[6.470174579585054, 14.473272680080104] is ROAMING: 0.015625
INFO: scarlite at Point2D.Double[6.348049219748532, 14.572230936147562] is looking to roam...
INFO: sqworm at Point2D.Double[5.987067932848074, 14.654490267963457] captured by [VacuumTower id (6) at 4,13:4-east]
INFO: scarlite at Point2D.Double[17.50099990452833, 14.499999563480465] is looking to roam...
INFO: scarabug at Point2D.Double[15.994550655894976, 4.019621183234726] captured by [VacuumTower id (5) at 14,4:2-northeast]
INFO: scarabug at Point2D.Double[5.984987602589939, 14.659369848983932] captured by [VacuumTower id (6) at 4,13:4-east]
INFO: scarlite at Point2D.Double[11.5, 14.5] is looking to roam...
INFO: scarlite at Point2D.Double[1.5, 14.5] is looking to roam...
INFO: scarlite at Point2D.Double[1.5, 14.5] is ROAMING: 0.5
INFO: scarlite at Point2D.Double[1.5, 4.5] is looking to roam...
INFO:   -- invalid goal! -1,4
INFO: scarlite at Point2D.Double[11.5, 4.5] is looking to roam...
INFO: scarlite at Point2D.Double[12.499998379641486, 13.499325010917058] is looking to roam...
INFO: scarlite at Point2D.Double[2.500556095378813, 5.500556095378812] is looking to roam...
INFO: scarlite at Point2D.Double[2.500556095378813, 5.500556095378812] is ROAMING: 0.5
INFO: scarlite at Point2D.Double[12.500556095378812, 3.499443904621188] is looking to roam...
INFO: scarlite at Point2D.Double[13.500998151609913, 13.500000673740121] is looking to roam...
INFO: scarlite at Point2D.Double[13.50055594058487, 3.5000003093279] is looking to roam...
INFO: scarlite at Point2D.Double[13.50055594058487, 3.5000003093279] is ROAMING: 0.5
INFO: scarlite at Point2D.Double[2.5009994995001916, 12.500000999499303] is looking to roam...
INFO: scarlite at Point2D.Double[2.5009994995001916, 12.500000999499303] is ROAMING: 0.25
INFO: scarlite at Point2D.Double[14.500998151609064, 13.49999999932697] is looking to roam...
INFO: scarlite at Point2D.Double[15.500998151608488, 13.500000000000576] is looking to roam...
INFO: scarlite at Point2D.Double[15.500998151608488, 13.500000000000576] is ROAMING: 0.5
INFO: scarlite at Point2D.Double[16.499999444145644, 4.500999845310137] is looking to roam...
INFO: scarlite at Point2D.Double[5.003611618166032, 2.5883884550362275] is looking to roam...
INFO: scarlite at Point2D.Double[17.50034770539063, 12.500000121083275] is looking to roam...
INFO:   -- invalid goal! 20,14
INFO: scarlite at Point2D.Double[5.015049275102712, 2.670880294515346] is looking to roam...
INFO: scarlite at Point2D.Double[5.015049275102712, 2.670880294515346] is ROAMING: 0.25
INFO: scarlite at Point2D.Double[5.020976965131769, 2.726034848566954] is looking to roam...
INFO: scarlite at Point2D.Double[5.020976965131769, 2.726034848566954] is ROAMING: 0.125
INFO: scarlite at Point2D.Double[5.023025905435938, 2.771748883710023] is looking to roam...
INFO:   -- invalid goal! 8,-2
INFO: scarlite at Point2D.Double[5.0566587983785185, 3.0267853926533554] captured by [VacuumTower id (4) at 4,3:2-northeast]
INFO: scarlite at Point2D.Double[16.50000065215586, 13.500999786964826] is looking to roam...
INFO: scarlite at Point2D.Double[6.5001407517829275, 17.500140834082703] is looking to roam...
INFO:   -- invalid goal! 9,20
INFO: scarlite at Point2D.Double[6.375000000005278, 14.523140844006722] is looking to roam...
INFO: scarlite at Point2D.Double[6.524920508624724, 14.51518036285631] is looking to roam...
INFO: scarlite at Point2D.Double[6.524920508624724, 14.51518036285631] is ROAMING: 0.125
INFO: scarlite at Point2D.Double[6.39501241457393, 14.31524059539424] is looking to roam...
INFO: sqworm at Point2D.Double[5.9816999153123245, 14.57213753454899] captured by [VacuumTower id (6) at 4,13:4-east]
INFO: scarlite at Point2D.Double[7.461358498055864, 14.494002118838498] is looking to roam...
INFO: scarlite at Point2D.Double[7.461358498055864, 14.494002118838498] is ROAMING: 0.0625
INFO: scarlite at Point2D.Double[6.374438835295475, 14.412006005291431] is looking to roam...
INFO: scarlite at Point2D.Double[6.62316691635365, 14.447607247711005] is looking to roam...
INFO: scarlite at Point2D.Double[6.62316691635365, 14.447607247711005] is ROAMING: 0.03125
INFO: scarlite at Point2D.Double[6.363747581248482, 14.148471494484863] is looking to roam...
INFO: scarabug at Point2D.Double[5.980402489327528, 14.669024796481423] captured by [VacuumTower id (6) at 4,13:4-east]
INFO: scarlite at Point2D.Double[11.5, 14.5] is looking to roam...
INFO: scarlite at Point2D.Double[11.5, 14.5] is ROAMING: 0.5
INFO: scarlite at Point2D.Double[1.5, 14.5] is looking to roam...
INFO:   -- invalid goal! -1,18
INFO: scarlite at Point2D.Double[1.5, 4.5] is looking to roam...
INFO: scarlite at Point2D.Double[11.5, 4.5] is looking to roam...
INFO: scarlite at Point2D.Double[11.625, 14.627999999999915] is looking to roam...
INFO: scarlite at Point2D.Double[11.625, 14.627999999999915] is ROAMING: 0.25
INFO: scarlite at Point2D.Double[11.68013270010148, 14.556455884903787] is looking to roam...
INFO: scarlite at Point2D.Double[11.68013270010148, 14.556455884903787] is ROAMING: 0.125
INFO: scarlite at Point2D.Double[11.709709531720817, 14.526549047287833] is looking to roam...
INFO: scarlite at Point2D.Double[2.5012632021599996, 15.50126320216] is looking to roam...
INFO:   -- invalid goal! -1,15
INFO: scarlite at Point2D.Double[2.5012632021599996, 5.501263202159999] is looking to roam...
INFO: scarlite at Point2D.Double[2.5012632021599996, 5.501263202159999] is ROAMING: 0.5
INFO: scarlite at Point2D.Double[12.501263202159999, 3.498736797840003] is looking to roam...
INFO: scarlite at Point2D.Double[13.500988885198964, 13.500000159256153] is looking to roam...
INFO: scarlite at Point2D.Double[3.5002624031016394, 15.499999668112402] is looking to roam...
INFO: scarlite at Point2D.Double[3.5002624031016394, 15.499999668112402] is ROAMING: 0.5
INFO: scarlite at Point2D.Double[13.500262403101004, 3.5000003318875024] is looking to roam...
INFO: scarlite at Point2D.Double[1.4992639995788393, 5.499999071455424] is looking to roam...
INFO: scarlite at Point2D.Double[1.4992639995788393, 5.499999071455424] is ROAMING: 0.25
INFO: scarlite at Point2D.Double[14.500262403100404, 3.4999999999129923] is looking to roam...
INFO: scarlite at Point2D.Double[15.50026240309974, 3.4999999999999467] is looking to roam...
INFO: scarlite at Point2D.Double[15.50026240309974, 3.4999999999999467] is ROAMING: 0.5
INFO: scarlite at Point2D.Double[2.5005564246516414, 3.499443575714132] is looking to roam...
INFO:   -- invalid goal! -1,0
INFO: scarlite at Point2D.Double[3.757332216860525, 14.773723973896175] is looking to roam...
INFO: scarlite at Point2D.Double[3.757332216860525, 14.773723973896175] is ROAMING: 0.25
INFO: scarlite at Point2D.Double[3.813836739151127, 14.70086541548769] is looking to roam...
INFO: scarlite at Point2D.Double[3.813836739151127, 14.70086541548769] is looking to roam...
INFO: scarlite at Point2D.Double[3.813836739151127, 14.70086541548769] is ROAMING: 0.125
INFO: scarlite at Point2D.Double[3.854610805718991, 14.646958160526275] is looking to roam...
INFO:   -- invalid goal! -1,15
INFO: scarlite at Point2D.Double[4.016051897364907, 14.825799704769409] captured by [VacuumTower id (6) at 4,13:2-west]
INFO: scarlite at Point2D.Double[4.500405330820131, 2.5000001643931213] is looking to roam...
INFO: scarlite at Point2D.Double[4.500405330820131, 2.5000001643931213] is ROAMING: 0.125
INFO: scarlite at Point2D.Double[4.9930169831719615, 2.5883884164903925] is looking to roam...
INFO:   -- invalid goal! 4,-1
INFO: scarlite at Point2D.Double[5.01419068426055, 2.737387630926854] is looking to roam...
INFO: scarlite at Point2D.Double[5.051716734655878, 3.000128454145866] captured by [VacuumTower id (4) at 4,3:2-northeast]
INFO: scarlite at Point2D.Double[13.499999999999922, 3.4989997277025555] is looking to roam...
INFO: scarlite at Point2D.Double[13.499999999999922, 3.4989997277025555] is ROAMING: 0.25
INFO: sqworm at Point2D.Double[15.989131372229608, 14.350659839696874] captured by [VacuumTower id (7) at 14,14:4-east]
INFO: scarabug at Point2D.Double[4.4833959299029775, 4.966949385623728] captured by [VacuumTower id (4) at 4,3:4-south]
INFO: scarabug at Point2D.Double[15.995037610221441, 14.364961401037132] captured by [VacuumTower id (7) at 14,14:4-east]
INFO: scarlite at Point2D.Double[11.5, 14.5] is looking to roam...
INFO: scarlite at Point2D.Double[11.5, 14.5] is ROAMING: 0.5
INFO: scarlite at Point2D.Double[1.5, 14.5] is looking to roam...
INFO: scarlite at Point2D.Double[1.5, 14.5] is ROAMING: 0.5
INFO: scarlite at Point2D.Double[1.5, 4.5] is looking to roam...
INFO:   -- invalid goal! -2,4
INFO: scarlite at Point2D.Double[11.5, 4.5] is looking to roam...
INFO: scarabug at Point2D.Double[5.992500893090323, 14.589390950748381] captured by [VacuumTower id (6) at 4,13:4-east]
INFO: scarlite at Point2D.Double[2.5005560953788155, 5.500556095378812] is looking to roam...
INFO: scarlite at Point2D.Double[2.5005560953788155, 5.500556095378812] is ROAMING: 0.5
INFO: scarlite at Point2D.Double[12.500556095378812, 3.499443904621188] is looking to roam...
INFO: scarlite at Point2D.Double[13.500555940585205, 3.5000003093279286] is looking to roam...
INFO: scarlite at Point2D.Double[1.5, 17.50099999999838] is looking to roam...
INFO:   -- invalid goal! 3,20
INFO: scarlite at Point2D.Double[14.500555940584558, 3.4999999998280416] is looking to roam...
INFO: scarlite at Point2D.Double[15.500555940584189, 3.5000000000000853] is looking to roam...
INFO:   -- invalid goal! 17,-1
INFO: scarlite at Point2D.Double[2.5000559424635975, 16.499944001593846] is looking to roam...
INFO: scarlite at Point2D.Double[2.5000559424635975, 16.499944001593846] is ROAMING: 0.25
INFO: scarlite at Point2D.Double[16.500555940583684, 3.500000000000046] is looking to roam...
INFO:   -- invalid goal! 21,4
INFO: scarlite at Point2D.Double[4.500176586334527, 2.5000000695544706] is looking to roam...
INFO: scarlite at Point2D.Double[16.500554703962692, 13.500000000171255] is looking to roam...
INFO: scarlite at Point2D.Double[16.500554703962692, 13.500000000171255] is ROAMING: 0.25
INFO: scarlite at Point2D.Double[16.4999994441456, 4.500999845310197] is looking to roam...
INFO: scarlite at Point2D.Double[16.4999994441456, 4.500999845310197] is ROAMING: 0.5
INFO: scarlite at Point2D.Double[5.500176586334888, 2.49999999998764] is looking to roam...
INFO: scarlite at Point2D.Double[5.500176586334888, 2.49999999998764] is ROAMING: 0.25
INFO: scarlite at Point2D.Double[3.500584109761027, 12.499415922947364] is looking to roam...
INFO:   -- invalid goal! -1,11
INFO: scarlite at Point2D.Double[16.499999999999943, 1.4979998453095078] is looking to roam...
INFO:   -- invalid goal! 20,-1
INFO: scarlite at Point2D.Double[16.499999999999943, 2.5009998453098365] is looking to roam...
INFO: scarlite at Point2D.Double[16.499999999999943, 2.5009998453098365] is ROAMING: 0.25
INFO: scarlite at Point2D.Double[4.500719985217309, 2.500001633234456] is looking to roam...
INFO: scarlite at Point2D.Double[6.499999416160781, 13.500999829338006] is looking to roam...
INFO: scarlite at Point2D.Double[6.499999416160781, 13.500999829338006] is ROAMING: 0.125
INFO: scarlite at Point2D.Double[6.500719985216682, 2.5000000000009592] is looking to roam...
INFO: sqworm at Point2D.Double[15.991895535279294, 14.437015570941185] captured by [VacuumTower id (7) at 14,14:4-east]
INFO: scarlite at Point2D.Double[16.570228831348736, 14.257597522473091] is looking to roam...
INFO: scarlite at Point2D.Double[6.500000000000012, 13.500999829338468] is looking to roam...
INFO: scarlite at Point2D.Double[17.301967100990687, 14.462577700796047] is looking to roam...
INFO: scarlite at Point2D.Double[17.301967100990687, 14.462577700796047] is ROAMING: 0.125
INFO: scarlite at Point2D.Double[6.40776078218726, 13.99808967207008] is looking to roam...
INFO: scarlite at Point2D.Double[16.37454810308537, 14.328015844406615] is looking to roam...
INFO: scarlite at Point2D.Double[16.37454810308537, 14.328015844406615] is ROAMING: 0.0625
INFO: scarlite at Point2D.Double[16.3084796659848, 14.408806134010245] is looking to roam...
INFO: scarlite at Point2D.Double[16.3084796659848, 14.408806134010245] is ROAMING: 0.03125
INFO: scarlite at Point2D.Double[16.27376686941866, 14.451797073707962] is looking to roam...
INFO: scarlite at Point2D.Double[16.27376686941866, 14.451797073707962] is ROAMING: 0.015625
INFO: scarlite at Point2D.Double[16.24657145517315, 14.472636051739318] is looking to roam...
INFO: scarlite at Point2D.Double[16.24657145517315, 14.472636051739318] is ROAMING: 0.0078125
INFO: scarlite at Point2D.Double[16.220993573184753, 14.483371155376137] is looking to roam...
INFO: scarlite at Point2D.Double[16.220993573184753, 14.483371155376137] is ROAMING: 0.00390625
INFO: scarlite at Point2D.Double[16.195816435648876, 14.489320620013135] is looking to roam...
INFO: scarlite at Point2D.Double[16.195816435648876, 14.489320620013135] is ROAMING: 0.001953125
INFO: scarlite at Point2D.Double[16.370631717063258, 14.499846636837823] is looking to roam...
INFO: scarlite at Point2D.Double[16.370631717063258, 14.499846636837823] is ROAMING: 9.765625E-4
INFO: scarlite at Point2D.Double[6.361996195974534, 14.009163144578721] is looking to roam...
INFO: scarlite at Point2D.Double[16.500532530038768, 3.5000000000001705] is looking to roam...
INFO: scarlite at Point2D.Double[16.500532530038768, 3.5000000000001705] is ROAMING: 0.125
INFO: scarlite at Point2D.Double[16.284115648475666, 14.797368042829113] is looking to roam...
INFO: scarlite at Point2D.Double[6.429633750246891, 13.97087862043406] is looking to roam...
INFO: scarlite at Point2D.Double[6.429633750246891, 13.97087862043406] is ROAMING: 0.0625
INFO: scarlite at Point2D.Double[6.411674652661196, 13.933728671622468] is looking to roam...
INFO: scarlite at Point2D.Double[6.410288393544937, 13.966136501726119] is looking to roam...
INFO: scarlite at Point2D.Double[6.410288393544937, 13.966136501726119] is ROAMING: 0.03125
INFO: scarabug at Point2D.Double[15.986633696648536, 14.342230109704815] captured by [VacuumTower id (7) at 14,14:4-east]
INFO: scarlite at Point2D.Double[11.5, 14.5] is looking to roam...
INFO: scarlite at Point2D.Double[1.5, 14.5] is looking to roam...
INFO:   -- invalid goal! -1,10
INFO: scarlite at Point2D.Double[1.5, 4.5] is looking to roam...
INFO:   -- invalid goal! -2,8
INFO: scarlite at Point2D.Double[11.5, 4.5] is looking to roam...
INFO: scarlite at Point2D.Double[6.411639413356182, 13.936308080375] is looking to roam...
INFO: scarlite at Point2D.Double[2.500078607132708, 5.500553824152016] is looking to roam...
INFO: scarlite at Point2D.Double[12.500556095378812, 13.499443904621188] is looking to roam...
INFO: scarlite at Point2D.Double[2.5005560953788146, 15.500556095378812] is looking to roam...
INFO: scarlite at Point2D.Double[2.5005560953788146, 15.500556095378812] is ROAMING: 0.5
INFO: scarlite at Point2D.Double[12.500556095378812, 3.499443904621188] is looking to roam...
INFO: scarlite at Point2D.Double[6.4130097375798965, 13.959494389644131] is looking to roam...
INFO: scarlite at Point2D.Double[3.5010784535948893, 5.499999402679476] is looking to roam...
INFO:   -- invalid goal! -1,7
INFO: scarlite at Point2D.Double[13.500555940585059, 13.500000309327845] is looking to roam...
INFO: scarlite at Point2D.Double[13.500555940585059, 3.5000003093280885] is looking to roam...
INFO: scarlite at Point2D.Double[4.501078453595141, 5.500000000645024] is looking to roam...
INFO: scarlite at Point2D.Double[14.500555940584512, 13.499999999828098] is looking to roam...
INFO: scarlite at Point2D.Double[14.500555940584512, 13.499999999828098] is ROAMING: 0.5
INFO: scarlite at Point2D.Double[14.500555940584512, 3.4999999998280167] is looking to roam...
INFO: scarlite at Point2D.Double[6.419020298343003, 13.988239870456145] is looking to roam...
INFO: scarlite at Point2D.Double[16.500000001032987, 3.5009999999992463] is looking to roam...
INFO: scarlite at Point2D.Double[5.501078453595509, 5.499999999999137] is looking to roam...
INFO: scarlite at Point2D.Double[15.500555940583872, 3.500000000000032] is looking to roam...
INFO: scarlite at Point2D.Double[15.500555940583872, 3.500000000000032] is ROAMING: 0.5
INFO: scarlite at Point2D.Double[5.500126885037053, 16.500126955616953] is looking to roam...
INFO: scarlite at Point2D.Double[5.500126885037053, 16.500126955616953] is ROAMING: 0.25
INFO: scarlite at Point2D.Double[6.50007845359587, 5.499999999999822] is looking to roam...
INFO: scarlite at Point2D.Double[6.50007845359587, 5.499999999999822] is ROAMING: 0.5
INFO: scarlite at Point2D.Double[6.419416256408612, 13.998727257998183] is looking to roam...
INFO: scarlite at Point2D.Double[12.415625411585218, 14.709374613346903] is looking to roam...
INFO: scarlite at Point2D.Double[6.414454755208139, 13.964114457596047] is looking to roam...
INFO: scarlite at Point2D.Double[6.414454755208139, 13.964114457596047] is ROAMING: 0.015625
INFO: scarlite at Point2D.Double[13.588295470582139, 14.096059079178772] is looking to roam...
INFO: scarlite at Point2D.Double[13.588295470582139, 14.096059079178772] is ROAMING: 0.25
INFO: scarlite at Point2D.Double[13.69172761286221, 14.194729376195411] is looking to roam...
INFO: scarlite at Point2D.Double[6.411617433885953, 13.939545201845188] is looking to roam...
INFO: scarlite at Point2D.Double[14.500745033718108, 13.500000260094176] is looking to roam...
INFO: scarlite at Point2D.Double[3.115196320768825, 4.990648476107751] is looking to roam...
INFO: scarlite at Point2D.Double[3.115196320768825, 4.990648476107751] is looking to roam...
INFO: scarlite at Point2D.Double[3.115196320768825, 4.990648476107751] is ROAMING: 0.25
INFO: scarlite at Point2D.Double[3.6044501889004046, 4.722263953708186] is looking to roam...
INFO: scarlite at Point2D.Double[3.6044501889004046, 4.722263953708186] is ROAMING: 0.125
INFO: scarlite at Point2D.Double[3.6869187006701525, 4.631759409574165] is looking to roam...
INFO: scarlite at Point2D.Double[3.6869187006701525, 4.631759409574165] is ROAMING: 0.0625
INFO: scarlite at Point2D.Double[3.7301841896787042, 4.574144570227114] is looking to roam...
INFO:   -- invalid goal! -1,0
INFO: scarlite at Point2D.Double[6.499860729416758, 16.499860752960238] is looking to roam...
INFO: scarlite at Point2D.Double[6.499860729416758, 16.499860752960238] is ROAMING: 0.125
INFO: scarlite at Point2D.Double[6.262660004237896, 15.510439550877514] is looking to roam...
INFO: scarlite at Point2D.Double[6.262660004237896, 15.510439550877514] is looking to roam...
INFO: scarlite at Point2D.Double[6.262660004237896, 15.510439550877514] is ROAMING: 0.0625
INFO: scarlite at Point2D.Double[6.273176025887738, 15.417700831552562] is looking to roam...
INFO: scarlite at Point2D.Double[17.499792018179235, 6.499792018106815] is looking to roam...
INFO:   -- invalid goal! 21,3
INFO: scarlite at Point2D.Double[6.137435143410153, 14.428374762159152] is looking to roam...
INFO: scarlite at Point2D.Double[6.137435143410153, 14.428374762159152] is ROAMING: 0.03125
INFO: scarlite at Point2D.Double[6.147150784749604, 14.359367006470194] is looking to roam...
INFO: scarlite at Point2D.Double[6.168535884453654, 14.20901563874662] is looking to roam...
INFO: scarlite at Point2D.Double[6.168535884453654, 14.20901563874662] is ROAMING: 0.015625
INFO: scarlite at Point2D.Double[6.155298000143841, 14.186600072303872] is looking to roam...
INFO: scarlite at Point2D.Double[6.413347489092667, 13.958020861934504] is looking to roam...
INFO: scarlite at Point2D.Double[6.413347489092667, 13.958020861934504] is ROAMING: 0.0078125
INFO: scarlite at Point2D.Double[16.500000207946464, 5.499000064906875] is looking to roam...
INFO: scarlite at Point2D.Double[16.500000207946464, 5.499000064906875] is ROAMING: 0.25
INFO: scarlite at Point2D.Double[6.411670022247296, 14.043772186096938] is looking to roam...
INFO: scarlite at Point2D.Double[6.4141660029103456, 13.958969366995895] is looking to roam...
INFO: scarlite at Point2D.Double[6.4141660029103456, 13.958969366995895] is ROAMING: 0.00390625
INFO: scarlite at Point2D.Double[6.405241379135777, 13.97673120931876] is looking to roam...
INFO: scarlite at Point2D.Double[17.499997998135782, 2.5000000000000977] is looking to roam...
INFO: scarlite at Point2D.Double[16.499997998136294, 2.5000000000000373] is looking to roam...
INFO: scarlite at Point2D.Double[16.499997998136294, 2.5000000000000373] is ROAMING: 0.125
INFO: scarlite at Point2D.Double[11.5, 14.5] is looking to roam...
INFO: scarlite at Point2D.Double[1.5, 14.5] is looking to roam...
INFO: scarlite at Point2D.Double[1.5, 4.5] is looking to roam...
INFO: scarlite at Point2D.Double[1.5, 4.5] is ROAMING: 0.5
INFO: scarlite at Point2D.Double[11.5, 4.5] is looking to roam...
INFO: scarlite at Point2D.Double[11.5, 4.5] is ROAMING: 0.5
INFO: scarlite at Point2D.Double[12.500556095378812, 13.499443904621188] is looking to roam...
INFO: scarlite at Point2D.Double[12.500556095378812, 13.499443904621188] is ROAMING: 0.5
INFO: scarlite at Point2D.Double[2.500556095378813, 15.500556095378812] is looking to roam...
INFO:   -- invalid goal! -2,19
INFO: scarlite at Point2D.Double[3.500555940585553, 15.499999690671828] is looking to roam...
INFO: scarlite at Point2D.Double[6.411371481955705, 13.999324591795087] is looking to roam...
INFO: scarlite at Point2D.Double[14.059405038074733, 6.375178550287245] is looking to roam...
INFO: scarlite at Point2D.Double[14.059405038074733, 6.375178550287245] is ROAMING: 0.25
INFO: scarlite at Point2D.Double[4.500555940585868, 15.500000000171848] is looking to roam...
INFO: scarlite at Point2D.Double[14.155618500447549, 6.27743602005674] is looking to roam...
INFO: scarlite at Point2D.Double[3.4999997480222973, 7.500501618750231] is looking to roam...
INFO: scarlite at Point2D.Double[14.350917729277352, 6.0694654183127685] is looking to roam...
INFO: scarlite at Point2D.Double[14.444560590494017, 5.979551235150234] captured by [VacuumTower id (5) at 14,4:2-south]
INFO: scarlite at Point2D.Double[4.985167592937789, 15.411611652425009] is looking to roam...
INFO: scarlite at Point2D.Double[4.985167592937789, 15.411611652425009] is ROAMING: 0.5
INFO: scarlite at Point2D.Double[5.500154117202518, 5.499845882821091] is looking to roam...
INFO: scarlite at Point2D.Double[6.340032797058123, 14.001219679693442] is looking to roam...
INFO: scarlite at Point2D.Double[12.50119236319358, 16.49880763684373] is looking to roam...
INFO: scarlite at Point2D.Double[12.50119236319358, 16.49880763684373] is ROAMING: 0.25
INFO: scarlite at Point2D.Double[6.500154105322755, 5.500000023753783] is looking to roam...
INFO: scarlite at Point2D.Double[6.500154105322755, 5.500000023753783] is ROAMING: 0.25
INFO: scarlite at Point2D.Double[1.4991029556990751, 17.4999991942264] is looking to roam...
INFO: scarlite at Point2D.Double[1.4991029556990751, 17.4999991942264] is ROAMING: 0.25
INFO: scarlite at Point2D.Double[13.500357933492243, 16.499641420519964] is looking to roam...
INFO: scarlite at Point2D.Double[15.500357869155433, 16.499999999953932] is looking to roam...
INFO:   -- invalid goal! 14,20
INFO: scarlite at Point2D.Double[6.412930097536739, 13.958066388250458] is looking to roam...
INFO: scarlite at Point2D.Double[6.412930097536739, 13.958066388250458] is ROAMING: 0.0078125
INFO: scarlite at Point2D.Double[16.50035786915484, 16.500000000000234] is looking to roam...
INFO:   -- invalid goal! 21,21
INFO: scarlite at Point2D.Double[4.9592754023599825, 15.411611851966214] is looking to roam...
INFO:   -- invalid goal! 8,20
INFO: scarlite at Point2D.Double[6.411675527163334, 13.94389266683612] is looking to roam...
INFO: scarlite at Point2D.Double[6.411675527163334, 13.94389266683612] is ROAMING: 0.00390625
INFO: scarlite at Point2D.Double[5.196924384276904, 15.373502287585708] is looking to roam...
INFO: scarlite at Point2D.Double[5.196924384276904, 15.373502287585708] is ROAMING: 0.125
INFO: scarlite at Point2D.Double[5.201743182219684, 15.324016742031166] is looking to roam...
INFO: scarlite at Point2D.Double[16.055686711435758, 15.583162153436113] is looking to roam...
INFO:   -- invalid goal! 20,17
INFO: scarlite at Point2D.Double[15.968637892544201, 15.490643464229684] captured by [VacuumTower id (7) at 14,14:4-east]
INFO: scarlite at Point2D.Double[5.243126825356142, 15.000840214644] is looking to roam...
INFO: scarlite at Point2D.Double[5.243126825356142, 15.000840214644] is ROAMING: 0.0625
INFO: scarlite at Point2D.Double[5.2009537360897795, 15.002258046586494] is looking to roam...
INFO: scarlite at Point2D.Double[5.2009537360897795, 15.002258046586494] is ROAMING: 0.03125
INFO: scarlite at Point2D.Double[5.163550741229987, 14.9987313145311] captured by [VacuumTower id (6) at 4,13:2-southeast]
INFO: scarlite at Point2D.Double[4.500000500464537, 2.499999999999904] is looking to roam...
INFO:   -- invalid goal! 8,-1
INFO: sqworm at Point2D.Double[15.989232659315636, 14.353033629749305] captured by [VacuumTower id (7) at 14,14:4-east]
INFO: scarlite at Point2D.Double[6.3399585703359715, 14.00141891013152] is looking to roam...
INFO: scarlite at Point2D.Double[6.3399585703359715, 14.00141891013152] is ROAMING: 0.001953125
INFO: scarlite at Point2D.Double[6.2821336165316595, 14.008245471802681] is looking to roam...
INFO: scarabug at Point2D.Double[15.178956747405575, 4.031509877714983] captured by [VacuumTower id (5) at 14,4:2-northeast]
INFO: scarabug at Point2D.Double[15.981033153811694, 14.331580371577783] captured by [VacuumTower id (7) at 14,14:4-east]
INFO: scarlite at Point2D.Double[11.5, 14.5] is looking to roam...
INFO: scarlite at Point2D.Double[11.5, 14.5] is ROAMING: 0.5
INFO: scarlite at Point2D.Double[1.5, 14.5] is looking to roam...
INFO:   -- invalid goal! -3,12
INFO: scarlite at Point2D.Double[1.5, 4.5] is looking to roam...
INFO: scarlite at Point2D.Double[1.5, 4.5] is ROAMING: 0.5
INFO: scarlite at Point2D.Double[11.5, 4.5] is looking to roam...
INFO: scarlite at Point2D.Double[11.5, 4.5] is ROAMING: 0.5
INFO: scarlite at Point2D.Double[2.5005560953788137, 15.500556095378812] is looking to roam...
INFO: scarlite at Point2D.Double[3.5005559405855315, 15.499999690672219] is looking to roam...
INFO: scarlite at Point2D.Double[11.5, 17.500999999998] is looking to roam...
INFO:   -- invalid goal! 12,20
INFO: scarlite at Point2D.Double[14.036405039963412, 2.6248121290067115] is looking to roam...
INFO: scarlite at Point2D.Double[4.5005559405858095, 15.500000000171923] is looking to roam...
INFO: scarlite at Point2D.Double[4.5005559405858095, 15.500000000171923] is ROAMING: 0.5
INFO: scarlite at Point2D.Double[6.412399963291611, 13.962881612056748] is looking to roam...
INFO: scarlite at Point2D.Double[14.78443197574748, 3.7172725674453577] is looking to roam...
INFO: scarlite at Point2D.Double[14.969371441025114, 3.8931201776982043] is looking to roam...
INFO: scarlite at Point2D.Double[14.969371441025114, 3.8931201776982043] is ROAMING: 0.25
INFO: scarlite at Point2D.Double[14.892708380665535, 3.9539113373698704] is looking to roam...
INFO: scarlite at Point2D.Double[14.599690943113298, 4.0190428805518525] captured by [VacuumTower id (5) at 14,4:2-north]
INFO: scarlite at Point2D.Double[5.500810167952876, 8.500810167952874] is looking to roam...
INFO: scarlite at Point2D.Double[6.500000000087578, 5.499736900650738] is looking to roam...
INFO: scarlite at Point2D.Double[16.374999963545758, 15.151000001565777] is looking to roam...
INFO: scarlite at Point2D.Double[16.374999963545758, 15.151000001565777] is ROAMING: 0.25
INFO: scarlite at Point2D.Double[16.283719040234256, 15.245143635802222] is looking to roam...
INFO: scarlite at Point2D.Double[16.283719040234256, 15.245143635802222] is ROAMING: 0.125
INFO: scarlite at Point2D.Double[16.223423602696794, 15.321388764148605] is looking to roam...
INFO: scarlite at Point2D.Double[16.13033492790434, 15.226617105286504] is looking to roam...
INFO:   -- invalid goal! 18,20
INFO: scarlite at Point2D.Double[6.500000000000089, 4.499736900651527] is looking to roam...
INFO: scarlite at Point2D.Double[16.392059883917952, 14.718324528649603] is looking to roam...
INFO: scarlite at Point2D.Double[7.500999965355295, 4.50000026309009] is looking to roam...
INFO: scarlite at Point2D.Double[7.500999965355295, 4.50000026309009] is ROAMING: 0.25
INFO: scarlite at Point2D.Double[16.48462884710625, 14.618709247706953] is looking to roam...
INFO: scarlite at Point2D.Double[6.499999349187796, 13.50099978792046] is looking to roam...
INFO: scarlite at Point2D.Double[6.411611413264536, 14.044611440271584] is looking to roam...
INFO: scarlite at Point2D.Double[17.254068856062535, 14.511517705926693] is looking to roam...
INFO:   -- invalid goal! 20,11
INFO: scarlite at Point2D.Double[6.415473683164681, 13.994821325250275] is looking to roam...
INFO: scarlite at Point2D.Double[6.418334937318281, 13.956414151034394] is looking to roam...
INFO: scarlite at Point2D.Double[6.4130418388462385, 13.9866230399596] is looking to roam...
INFO: scarlite at Point2D.Double[6.41279669973777, 13.968645075300103] is looking to roam...
INFO: scarlite at Point2D.Double[6.412817585417347, 13.979923447536816] is looking to roam...
INFO: scarlite at Point2D.Double[6.412817585417347, 13.979923447536816] is ROAMING: 0.25
INFO: scarlite at Point2D.Double[5.499443904620895, 1.4994439046209287] is looking to roam...
INFO:   -- invalid goal! 5,-1
INFO: sqworm at Point2D.Double[15.991010806526472, 14.476562394791681] captured by [VacuumTower id (7) at 14,14:4-east]
INFO: scarlite at Point2D.Double[7.500999967426555, 12.5000002185066] is looking to roam...
INFO: scarlite at Point2D.Double[7.500999967426555, 12.5000002185066] is ROAMING: 0.125
INFO: scarlite at Point2D.Double[6.499999414802671, 3.500413211732287] is looking to roam...
INFO: scarlite at Point2D.Double[11.5, 14.5] is looking to roam...
INFO: scarlite at Point2D.Double[11.5, 14.5] is ROAMING: 0.5
INFO: scarlite at Point2D.Double[1.5, 14.5] is looking to roam...
INFO: scarlite at Point2D.Double[1.5, 4.5] is looking to roam...
INFO:   -- invalid goal! -3,3
INFO: scarlite at Point2D.Double[11.5, 4.5] is looking to roam...
INFO: scarabug at Point2D.Double[15.991766858434556, 14.358887810713608] captured by [VacuumTower id (7) at 14,14:4-east]
INFO: scarlite at Point2D.Double[2.500556095378813, 15.500556095378812] is looking to roam...
INFO: scarlite at Point2D.Double[2.500556095378813, 15.500556095378812] is ROAMING: 0.5
INFO: scarlite at Point2D.Double[2.500556095378813, 5.500556095378812] is looking to roam...
INFO: scarlite at Point2D.Double[2.500556095378813, 5.500556095378812] is ROAMING: 0.5
INFO: scarlite at Point2D.Double[12.500556095378812, 3.499443904621188] is looking to roam...
INFO: scarlite at Point2D.Double[13.500555940584906, 3.500000309327902] is looking to roam...
INFO:   -- invalid goal! 9,-1
INFO: scarlite at Point2D.Double[14.079555940584527, 3.625000130127546] is looking to roam...
INFO: scarlite at Point2D.Double[14.079555940584527, 3.625000130127546] is ROAMING: 0.5
INFO: scarlite at Point2D.Double[14.175409373968677, 3.721502423053659] is looking to roam...
INFO: scarlite at Point2D.Double[14.175409373968677, 3.721502423053659] is ROAMING: 0.25
INFO: scarlite at Point2D.Double[14.258835523837853, 3.7895719609266294] is looking to roam...
INFO: scarlite at Point2D.Double[14.540647501710897, 4.067771150882145] captured by [VacuumTower id (5) at 14,4:2-north]
INFO: scarlite at Point2D.Double[13.500968367998777, 13.49999905901803] is looking to roam...
INFO: scarlite at Point2D.Double[6.500706840152601, 12.500000000000043] is looking to roam...
INFO: scarlite at Point2D.Double[6.500706840152601, 12.500000000000043] is ROAMING: 0.0625
INFO: scarlite at Point2D.Double[2.5004851330588043, 14.500485133043767] is looking to roam...
INFO: scarlite at Point2D.Double[2.5004851330588043, 14.500485133043767] is ROAMING: 0.25
INFO: scarlite at Point2D.Double[6.499999293336705, 13.500999749939478] is looking to roam...
INFO: scarlite at Point2D.Double[6.499999293336705, 13.500999749939478] is ROAMING: 0.03125
INFO: scarlite at Point2D.Double[6.411611353841296, 13.989611402290635] is looking to roam...
INFO: scarlite at Point2D.Double[6.411611353841296, 13.989611402290635] is ROAMING: 0.015625
INFO: scarlite at Point2D.Double[15.500968367997071, 13.499999999998902] is looking to roam...
INFO: scarlite at Point2D.Double[6.411653629810326, 13.913144950711363] is looking to roam...
INFO: scarlite at Point2D.Double[6.411653629810326, 13.913144950711363] is ROAMING: 0.0078125
INFO: scarlite at Point2D.Double[16.500968367996446, 13.500000000000199] is looking to roam...
INFO: scarlite at Point2D.Double[16.500968367996446, 13.500000000000199] is ROAMING: 0.25
INFO: scarlite at Point2D.Double[6.411657210583135, 13.988108331191658] is looking to roam...
INFO: scarlite at Point2D.Double[15.50204952613219, 12.50204952613198] is looking to roam...
INFO: scarlite at Point2D.Double[15.50204952613219, 12.50204952613198] is ROAMING: 0.125
INFO: sqworm at Point2D.Double[15.98270611757387, 14.335351979422104] captured by [VacuumTower id (7) at 14,14:4-east]
INFO: scarlite at Point2D.Double[5.045701725471815, 15.11325715574501] is looking to roam...
INFO: scarlite at Point2D.Double[5.045701725471815, 15.11325715574501] is ROAMING: 0.125
INFO: scarlite at Point2D.Double[5.033458545786305, 15.089690975569845] is looking to roam...
INFO: scarlite at Point2D.Double[5.033458545786305, 15.089690975569845] is ROAMING: 0.0625
INFO: scarlite at Point2D.Double[5.020161299157765, 15.067342968226821] is looking to roam...
INFO: scarlite at Point2D.Double[5.020161299157765, 15.067342968226821] is ROAMING: 0.03125
INFO: scarlite at Point2D.Double[5.006040596627216, 15.04591966286668] is looking to roam...
INFO: scarlite at Point2D.Double[5.006040596627216, 15.04591966286668] is ROAMING: 0.015625
INFO: scarlite at Point2D.Double[5.0014928328714205, 15.342481529682818] is looking to roam...
INFO: scarlite at Point2D.Double[5.054461215095478, 14.944836091184708] captured by [VacuumTower id (6) at 4,13:2-southeast]
INFO: scarlite at Point2D.Double[16.331999539408883, 14.50165014729992] is looking to roam...
INFO: scarabug at Point2D.Double[15.984017517606006, 14.33838307716153] captured by [VacuumTower id (7) at 14,14:4-east]
INFO: scarlite at Point2D.Double[11.5, 14.5] is looking to roam...
INFO: scarlite at Point2D.Double[1.5, 14.5] is looking to roam...
INFO: scarlite at Point2D.Double[1.5, 4.5] is looking to roam...
INFO: scarlite at Point2D.Double[11.5, 4.5] is looking to roam...
INFO: scarlite at Point2D.Double[11.5, 4.5] is ROAMING: 0.5
INFO: scarlite at Point2D.Double[17.68199876642905, 14.500040019887305] is looking to roam...
INFO: scarlite at Point2D.Double[12.500999999999378, 4.5] is looking to roam...
INFO: scarlite at Point2D.Double[12.500556095378812, 13.499443904621188] is looking to roam...
INFO: scarlite at Point2D.Double[12.500556095378812, 13.499443904621188] is ROAMING: 0.5
INFO: scarlite at Point2D.Double[2.500556095378812, 15.500556095378812] is looking to roam...
INFO: scarlite at Point2D.Double[2.500556095378812, 15.500556095378812] is ROAMING: 0.5
INFO: scarlite at Point2D.Double[2.500556095378812, 5.500556095378812] is looking to roam...
INFO: scarlite at Point2D.Double[2.500556095378812, 5.500556095378812] is ROAMING: 0.5
INFO: scarlite at Point2D.Double[14.466501404241516, 4.033963740582054] captured by [VacuumTower id (5) at 14,4:2-north]
INFO: scarlite at Point2D.Double[13.500070731345186, 15.50007069994058] is looking to roam...
INFO: scarlite at Point2D.Double[13.500070731345186, 15.50007069994058] is ROAMING: 0.25
INFO: scarlite at Point2D.Double[4.9911675929377015, 15.411611652423979] is looking to roam...
INFO: scarlite at Point2D.Double[4.9911675929377015, 15.411611652423979] is ROAMING: 0.25
INFO: scarlite at Point2D.Double[13.499999994998912, 16.50007069743856] is looking to roam...
INFO: scarlite at Point2D.Double[13.499999994998912, 16.50007069743856] is ROAMING: 0.125
INFO: scarlite at Point2D.Double[5.010683764031076, 15.411678536097828] is looking to roam...
INFO:   -- invalid goal! 4,20
INFO: scarlite at Point2D.Double[5.067878909481225, 14.992392978638687] captured by [VacuumTower id (6) at 4,13:2-southeast]
INFO: scarlite at Point2D.Double[6.500405051738493, 5.499594948376107] is looking to roam...
INFO: scarlite at Point2D.Double[7.500999753817638, 4.500000404869548] is looking to roam...
INFO: scarlite at Point2D.Double[16.5000912895928, 13.500000000000902] is looking to roam...
INFO: scarlite at Point2D.Double[16.37504126289596, 14.04799999771711] is looking to roam...
INFO: scarlite at Point2D.Double[16.37504126289596, 14.04799999771711] is ROAMING: 0.0625
INFO: scarlite at Point2D.Double[16.329979913712673, 14.337153611053566] is looking to roam...
INFO: scarlite at Point2D.Double[16.329979913712673, 14.337153611053566] is ROAMING: 0.03125
INFO: scarlite at Point2D.Double[16.2771977280788, 14.406324322255557] is looking to roam...
INFO: sqworm at Point2D.Double[15.992131468746337, 14.357662907623872] captured by [VacuumTower id (7) at 14,14:4-east]
INFO: scarlite at Point2D.Double[17.62675095423283, 14.498775441071299] is looking to roam...
INFO: scarlite at Point2D.Double[17.62675095423283, 14.498775441071299] is ROAMING: 0.015625
INFO: scarlite at Point2D.Double[16.37476309838183, 14.453798476697358] is looking to roam...
INFO: scarlite at Point2D.Double[16.37476309838183, 14.453798476697358] is ROAMING: 0.0078125
INFO: scarabug at Point2D.Double[4.390096690217527, 4.976598737906258] captured by [VacuumTower id (4) at 4,3:2-southwest]
INFO: scarlite at Point2D.Double[6.4120423247339104, 13.961995456177988] is looking to roam...
INFO: scarabug at Point2D.Double[15.98722478942554, 14.34587447716369] captured by [VacuumTower id (7) at 14,14:4-east]
INFO: scarlite at Point2D.Double[11.5, 14.5] is looking to roam...
INFO: scarlite at Point2D.Double[11.5, 14.5] is looking to roam...
INFO: scarlite at Point2D.Double[1.5, 14.5] is looking to roam...
INFO: scarlite at Point2D.Double[1.5, 4.5] is looking to roam...
INFO:   -- invalid goal! -2,4
INFO: scarlite at Point2D.Double[11.5, 4.5] is looking to roam...
INFO: scarlite at Point2D.Double[2.140638743754928, 4.9638620484582905] is looking to roam...
INFO: scarlite at Point2D.Double[2.140638743754928, 4.9638620484582905] is ROAMING: 0.5
INFO: scarlite at Point2D.Double[12.500144341972254, 13.499757761884943] is looking to roam...
INFO: scarlite at Point2D.Double[2.500556095378812, 15.500556095378812] is looking to roam...
INFO: scarlite at Point2D.Double[12.500556095378812, 3.499443904621188] is looking to roam...
INFO: scarlite at Point2D.Double[12.500556095378812, 3.499443904621188] is ROAMING: 0.5
INFO: scarlite at Point2D.Double[13.50014431262333, 13.500000034963282] is looking to roam...
INFO: scarlite at Point2D.Double[3.5005559405854996, 15.499999690671793] is looking to roam...
INFO: scarlite at Point2D.Double[14.067555940584526, 3.625000133841553] is looking to roam...
INFO: scarlite at Point2D.Double[14.067555940584526, 3.625000133841553] is ROAMING: 0.25
INFO: scarlite at Point2D.Double[14.162662430229684, 3.7225091239039863] is looking to roam...
INFO: scarlite at Point2D.Double[14.500144312622638, 13.499999999994763] is looking to roam...
INFO: scarlite at Point2D.Double[14.45242968515143, 4.019665678342783] captured by [VacuumTower id (5) at 14,4:2-north]
INFO: scarlite at Point2D.Double[4.500555940585781, 15.500000000171894] is looking to roam...
INFO: scarlite at Point2D.Double[4.500555940585781, 15.500000000171894] is ROAMING: 0.5
INFO: scarlite at Point2D.Double[15.500144312622005, 13.499999999999819] is looking to roam...
INFO: scarlite at Point2D.Double[15.500144312622005, 13.499999999999819] is ROAMING: 0.5
INFO: scarlite at Point2D.Double[6.362591208867096, 14.048809172844674] is looking to roam...
INFO: scarlite at Point2D.Double[6.362591208867096, 14.048809172844674] is ROAMING: 0.001953125
INFO: scarlite at Point2D.Double[6.303336456239867, 14.056082905673197] is looking to roam...
INFO: scarlite at Point2D.Double[6.303336456239867, 14.056082905673197] is ROAMING: 9.765625E-4
INFO: scarlite at Point2D.Double[6.25545306797698, 14.05912402956006] is looking to roam...
INFO: scarlite at Point2D.Double[16.499999999999677, 16.500999989576293] is looking to roam...
INFO: scarlite at Point2D.Double[3.4999999999999503, 11.499000098693426] is looking to roam...
INFO: scarlite at Point2D.Double[3.4999999999999503, 11.499000098693426] is ROAMING: 0.25
INFO: scarlite at Point2D.Double[17.50099549549864, 14.500002986496991] is looking to roam...
INFO:   -- invalid goal! 20,15
INFO: scarlite at Point2D.Double[7.500999978501699, 4.499999792793879] is looking to roam...
INFO: scarlite at Point2D.Double[7.500999978501699, 4.499999792793879] is ROAMING: 0.25
INFO: scarlite at Point2D.Double[6.411611174832544, 13.959611094239225] is looking to roam...
INFO: scarlite at Point2D.Double[6.411611174832544, 13.959611094239225] is ROAMING: 0.125
INFO: scarlite at Point2D.Double[6.411785876845604, 13.941680066614804] is looking to roam...
INFO: scarlite at Point2D.Double[6.40854444812072, 13.97059966711085] is looking to roam...
INFO: scarlite at Point2D.Double[6.40854444812072, 13.97059966711085] is ROAMING: 0.0625
INFO: scarlite at Point2D.Double[6.4116662651213545, 13.931026563304144] is looking to roam...
INFO: scarlite at Point2D.Double[6.4074381468205495, 13.962024289688301] is looking to roam...
INFO: scarlite at Point2D.Double[6.4074381468205495, 13.962024289688301] is ROAMING: 0.03125
INFO: scarabug at Point2D.Double[4.074506450962524, 4.88162108206509] captured by [VacuumTower id (4) at 4,3:4-southwest]
INFO: scarabug at Point2D.Double[15.046915788852196, 4.0026855582473555] captured by [VacuumTower id (5) at 14,4:4-northeast]
INFO: scarlite at Point2D.Double[11.5, 14.5] is looking to roam...
INFO: scarlite at Point2D.Double[11.5, 14.5] is ROAMING: 0.5
INFO: scarlite at Point2D.Double[1.5, 14.5] is looking to roam...
INFO:   -- invalid goal! -2,9
INFO: scarlite at Point2D.Double[1.5, 4.5] is looking to roam...
INFO: scarlite at Point2D.Double[11.5, 4.5] is looking to roam...
INFO: scarlite at Point2D.Double[11.5, 4.5] is ROAMING: 0.5
INFO: scarlite at Point2D.Double[2.488535280098657, 5.3117585848020195] is looking to roam...
INFO: scarlite at Point2D.Double[2.488535280098657, 5.3117585848020195] is ROAMING: 0.5
INFO: scarlite at Point2D.Double[2.583002797729093, 5.323185284578024] is looking to roam...
INFO: scarlite at Point2D.Double[2.583002797729093, 5.323185284578024] is ROAMING: 0.25
INFO: scarlite at Point2D.Double[2.5012632021599996, 15.50126320216] is looking to roam...
INFO: scarlite at Point2D.Double[13.267059846184928, 6.09028315088829] is looking to roam...
INFO: scarlite at Point2D.Double[13.267059846184928, 6.09028315088829] is ROAMING: 0.25
INFO: scarlite at Point2D.Double[3.5012624023017134, 15.499998403313612] is looking to roam...
INFO: scarlite at Point2D.Double[13.405366873458753, 6.089696428648967] is looking to roam...
INFO: scarlite at Point2D.Double[13.405366873458753, 6.089696428648967] is looking to roam...
INFO: scarlite at Point2D.Double[12.500349038010567, 11.499651311027414] is looking to roam...
INFO: scarlite at Point2D.Double[12.500349038010567, 11.499651311027414] is ROAMING: 0.25
INFO: scarlite at Point2D.Double[4.500262402300503, 15.500000000419377] is looking to roam...
INFO: scarlite at Point2D.Double[4.500262402300503, 15.500000000419377] is ROAMING: 0.5
INFO: scarlite at Point2D.Double[5.169874054652358, 15.411611652453026] is looking to roam...
INFO: scarlite at Point2D.Double[5.169874054652358, 15.411611652453026] is ROAMING: 0.25
INFO: scarlite at Point2D.Double[5.179049284470385, 15.349345103210851] is looking to roam...
INFO: scarlite at Point2D.Double[5.179049284470385, 15.349345103210851] is ROAMING: 0.125
INFO: scarlite at Point2D.Double[5.180278904425695, 15.303023605725123] is looking to roam...
INFO:   -- invalid goal! 1,20
INFO: scarlite at Point2D.Double[5.221567709266296, 14.984707992996007] captured by [VacuumTower id (6) at 4,13:2-southeast]
INFO: scarlite at Point2D.Double[16.500000001183388, 4.499000119995552] is looking to roam...
INFO: scarlite at Point2D.Double[16.500000001183388, 4.499000119995552] is ROAMING: 0.125
INFO: scarlite at Point2D.Double[16.5005794500411, 13.499999663945456] is looking to roam...
INFO: scarlite at Point2D.Double[7.500999500519574, 4.499999000962923] is looking to roam...
INFO: scarlite at Point2D.Double[7.500999500519574, 4.499999000962923] is ROAMING: 0.125
INFO: scarlite at Point2D.Double[16.500000000000075, 6.499999999999785] is looking to roam...
INFO: scarlite at Point2D.Double[16.500000000000075, 6.499999999999785] is ROAMING: 0.0625
INFO: scarabug at Point2D.Double[4.00956261093736, 4.911726738845454] captured by [VacuumTower id (4) at 4,3:4-southwest]
INFO: scarlite at Point2D.Double[7.500999127093408, 4.500000999079674] is looking to roam...
INFO: scarlite at Point2D.Double[6.434260479706575, 13.961167160300956] is looking to roam...
INFO: scarlite at Point2D.Double[11.5, 14.5] is looking to roam...
INFO: scarlite at Point2D.Double[1.5, 14.5] is looking to roam...
INFO: scarlite at Point2D.Double[1.5, 14.5] is ROAMING: 0.5
INFO: scarlite at Point2D.Double[1.5, 4.5] is looking to roam...
INFO:   -- invalid goal! -2,1
INFO: scarlite at Point2D.Double[11.5, 4.5] is looking to roam...
INFO: scarlite at Point2D.Double[2.121546860662895, 4.944770165366258] is looking to roam...
INFO: scarlite at Point2D.Double[2.121546860662895, 4.944770165366258] is ROAMING: 0.5
INFO: scarlite at Point2D.Double[12.500556095378812, 13.499443904621188] is looking to roam...
INFO: scarlite at Point2D.Double[12.500556095378812, 3.499443904621188] is looking to roam...
INFO: scarlite at Point2D.Double[3.2360995893008075, 5.059319185884881] is looking to roam...
INFO: scarlite at Point2D.Double[13.500555940585198, 13.500000309327813] is looking to roam...
INFO: scarlite at Point2D.Double[13.500555940585198, 3.5000003093281045] is looking to roam...
INFO:   -- invalid goal! 9,-1
INFO: scarlite at Point2D.Double[4.203518768569627, 5.025935986316226] is looking to roam...
INFO: scarlite at Point2D.Double[4.385825439587112, 4.971889283001346] captured by [VacuumTower id (4) at 4,3:4-southwest]
INFO: scarlite at Point2D.Double[14.500555940584515, 13.499999999828162] is looking to roam...
INFO: scarlite at Point2D.Double[14.500555940584515, 3.4999999998280487] is looking to roam...
INFO: scarlite at Point2D.Double[14.500555940584515, 3.4999999998280487] is ROAMING: 0.5
INFO: scarlite at Point2D.Double[15.500555940583965, 13.500000000000242] is looking to roam...
INFO: scarlite at Point2D.Double[16.500555940583205, 13.500000000000227] is looking to roam...
INFO:   -- invalid goal! 20,15
INFO: scarlite at Point2D.Double[16.499999444145608, 14.500999845310282] is looking to roam...
INFO: scarlite at Point2D.Double[16.499999444145608, 14.500999845310282] is ROAMING: 0.5
INFO: scarlite at Point2D.Double[4.93472333726954, 15.411611658301737] is looking to roam...
INFO: scarlite at Point2D.Double[4.954460299855919, 15.408275937061905] is looking to roam...
INFO: scarlite at Point2D.Double[4.954460299855919, 15.408275937061905] is ROAMING: 0.25
INFO: scarlite at Point2D.Double[6.336141760284331, 14.009825243330479] is looking to roam...
INFO: scarlite at Point2D.Double[6.336141760284331, 14.009825243330479] is ROAMING: 0.00390625
INFO: scarlite at Point2D.Double[6.279457438940323, 14.016278103583073] is looking to roam...
INFO: scarlite at Point2D.Double[6.279457438940323, 14.016278103583073] is ROAMING: 0.001953125
INFO: scarlite at Point2D.Double[6.232553646569837, 14.018878940310628] is looking to roam...
INFO: scarlite at Point2D.Double[6.232553646569837, 14.018878940310628] is ROAMING: 9.765625E-4
INFO: scarlite at Point2D.Double[6.192751368144499, 14.017894218888344] is looking to roam...
INFO: scarlite at Point2D.Double[6.192751368144499, 14.017894218888344] is ROAMING: 4.8828125E-4
INFO: scarlite at Point2D.Double[6.15810708712371, 14.01383602778165] is looking to roam...
INFO: scarlite at Point2D.Double[6.425466444758326, 13.982267085439599] is looking to roam...
INFO: scarlite at Point2D.Double[16.50000000000003, 8.50199984530763] is looking to roam...
INFO: scarlite at Point2D.Double[6.415336296286563, 13.970971782383472] is looking to roam...
INFO: scarlite at Point2D.Double[17.499641679406345, 17.49964167940649] is looking to roam...
INFO: scarlite at Point2D.Double[6.4675655184219405, 14.031821744140988] is looking to roam...
INFO: scarlite at Point2D.Double[6.349857127891148, 14.006646743971586] is looking to roam...
INFO: scarlite at Point2D.Double[8.502099018170185, 18.5020995600878] is looking to roam...
INFO:   -- invalid goal! 10,20
INFO: scarlite at Point2D.Double[16.50000000000003, 5.499999845309469] is looking to roam...
INFO: scarlite at Point2D.Double[16.50000000000003, 5.499999845309469] is ROAMING: 0.25
INFO: scarlite at Point2D.Double[16.498378477246348, 16.49837847724648] is looking to roam...
INFO: scarlite at Point2D.Double[6.339660114302642, 14.003996930850416] is looking to roam...
INFO: scarlite at Point2D.Double[16.50000100730992, 15.499379794866314] is looking to roam...
INFO: scarlite at Point2D.Double[16.50000100730992, 15.499379794866314] is ROAMING: 0.25
INFO: scarlite at Point2D.Double[6.262854857206625, 15.58509760318966] is looking to roam...
INFO: scarlite at Point2D.Double[6.05475070919522, 14.716391408311633] is looking to roam...
INFO: scarlite at Point2D.Double[6.05475070919522, 14.716391408311633] is ROAMING: 0.125
INFO: scarabug at Point2D.Double[4.007583887720637, 4.938696390220514] captured by [VacuumTower id (4) at 4,3:4-southwest]
INFO: scarlite at Point2D.Double[14.499000500655765, 3.4999999989998365] is looking to roam...
INFO: scarlite at Point2D.Double[14.499000500655765, 3.4999999989998365] is ROAMING: 0.125
INFO: scarlite at Point2D.Double[6.425347481659292, 13.98570746300475] is looking to roam...
INFO: scarlite at Point2D.Double[16.500000267593677, 15.49948290632922] is looking to roam...
INFO: scarlite at Point2D.Double[16.500000267593677, 15.49948290632922] is ROAMING: 0.125
INFO: scarabug at Point2D.Double[5.982888181129212, 14.950172490040632] captured by [VacuumTower id (6) at 4,13:2-southeast]
INFO: scarlite at Point2D.Double[6.41191220327771, 14.009497012673378] is looking to roam...
INFO: scarlite at Point2D.Double[6.41191220327771, 14.009497012673378] is ROAMING: 0.0625
INFO: scarlite at Point2D.Double[6.341199748327927, 14.019534082561965] is looking to roam...
INFO: scarlite at Point2D.Double[6.384363342755774, 14.023505864502066] is looking to roam...
INFO: scarlite at Point2D.Double[6.384363342755774, 14.023505864502066] is ROAMING: 0.03125
INFO: scarlite at Point2D.Double[6.319558675973873, 14.032296784173525] is looking to roam...
INFO: scarlite at Point2D.Double[11.5, 14.5] is looking to roam...
INFO: scarlite at Point2D.Double[11.5, 14.5] is ROAMING: 0.5
INFO: scarlite at Point2D.Double[1.5, 14.5] is looking to roam...
INFO: scarlite at Point2D.Double[1.5, 14.5] is ROAMING: 0.5
INFO: scarlite at Point2D.Double[1.5, 4.5] is looking to roam...
INFO: scarlite at Point2D.Double[1.5, 4.5] is ROAMING: 0.5
INFO: scarlite at Point2D.Double[11.5, 4.5] is looking to roam...
INFO: scarlite at Point2D.Double[11.5, 4.5] is ROAMING: 0.5
INFO: scarlite at Point2D.Double[6.412896219388763, 13.952946085601333] is looking to roam...
INFO: scarlite at Point2D.Double[6.409831639265889, 13.995795520207981] is looking to roam...
INFO: scarlite at Point2D.Double[2.500556095379271, 1.4994439046206622] is looking to roam...
INFO: scarlite at Point2D.Double[6.423698948875005, 13.980904682383553] is looking to roam...
INFO: scarlite at Point2D.Double[4.934960280368104, 15.411611594310536] is looking to roam...
INFO: scarlite at Point2D.Double[4.934960280368104, 15.411611594310536] is ROAMING: 0.25
INFO: scarlite at Point2D.Double[14.50199999999813, 3.4999999999999627] is looking to roam...
INFO:   -- invalid goal! 14,-1
INFO: scarlite at Point2D.Double[6.432321800027289, 13.969927824529364] is looking to roam...
INFO: scarlite at Point2D.Double[16.500758051808987, 11.500000575530326] is looking to roam...
INFO:   -- invalid goal! 20,6
INFO: scarlite at Point2D.Double[13.500000133828433, 13.499999999999915] is looking to roam...
INFO: scarlite at Point2D.Double[13.500000133828433, 13.499999999999915] is ROAMING: 0.0625
INFO: scarlite at Point2D.Double[16.499999000500317, 4.500999499500365] is looking to roam...
INFO:   -- invalid goal! 20,2
INFO: scarlite at Point2D.Double[16.499999999781437, 12.500000288208671] is looking to roam...
INFO: scarlite at Point2D.Double[16.499999999781437, 12.500000288208671] is ROAMING: 0.25
INFO: scarlite at Point2D.Double[6.4999994446091485, 3.5009998455686926] is looking to roam...
INFO: scarlite at Point2D.Double[6.413038245231489, 13.951877601512802] is looking to roam...
INFO: scarlite at Point2D.Double[2.4996509651959338, 11.499651314228494] is looking to roam...
INFO: scarlite at Point2D.Double[6.500000000555927, 4.50099984556897] is looking to roam...
INFO: scarlite at Point2D.Double[6.500000000555927, 4.50099984556897] is ROAMING: 0.25
INFO: scarlite at Point2D.Double[6.410818996958806, 13.992920563222938] is looking to roam...
INFO: scarlite at Point2D.Double[6.410818996958806, 13.992920563222938] is ROAMING: 0.015625
INFO: scarlite at Point2D.Double[6.380356674150425, 14.003102984480464] is looking to roam...
INFO: scarlite at Point2D.Double[6.371529573983539, 14.049312809523688] is looking to roam...
INFO: scarlite at Point2D.Double[6.371529573983539, 14.049312809523688] is ROAMING: 0.015625
INFO: scarlite at Point2D.Double[6.310554674563447, 14.057093598588892] is looking to roam...
INFO: scarlite at Point2D.Double[6.310554674563447, 14.057093598588892] is ROAMING: 0.0078125
INFO: scarlite at Point2D.Double[6.261886325984937, 14.061567092801969] is looking to roam...
INFO: scarlite at Point2D.Double[6.499999792790723, 13.500999978510169] is looking to roam...
INFO: scarlite at Point2D.Double[6.499999792790723, 13.500999978510169] is ROAMING: 0.125
INFO: scarabug at Point2D.Double[4.171061179957731, 4.988986194416768] captured by [VacuumTower id (4) at 4,3:4-southwest]
INFO: scarlite at Point2D.Double[7.499000000000599, 12.500000000000167] is looking to roam...
INFO: scarlite at Point2D.Double[6.358264699465963, 14.00052656521132] is looking to roam...
INFO: scarlite at Point2D.Double[6.358264699465963, 14.00052656521132] is ROAMING: 0.00390625
INFO: scarlite at Point2D.Double[6.297175443972392, 14.008339878502529] is looking to roam...
INFO: scarlite at Point2D.Double[6.297175443972392, 14.008339878502529] is ROAMING: 0.001953125
INFO: scarlite at Point2D.Double[6.285058022879552, 14.104837294942204] is looking to roam...
INFO: scarlite at Point2D.Double[6.285058022879552, 14.104837294942204] is ROAMING: 9.765625E-4
INFO: scarlite at Point2D.Double[6.24445183251772, 14.104294638395217] is looking to roam...
INFO: scarlite at Point2D.Double[6.24445183251772, 14.104294638395217] is ROAMING: 4.8828125E-4
INFO: scarlite at Point2D.Double[6.210314298447964, 14.09991134551177] is looking to roam...
INFO: scarlite at Point2D.Double[6.210314298447964, 14.09991134551177] is ROAMING: 2.44140625E-4
INFO: scarlite at Point2D.Double[6.180572460432824, 14.092520447871792] is looking to roam...
INFO: scarlite at Point2D.Double[6.180572460432824, 14.092520447871792] is ROAMING: 1.220703125E-4
INFO: scarlite at Point2D.Double[6.153878461351379, 14.082832845803892] is looking to roam...
INFO: scarabug at Point2D.Double[5.549906242045754, 14.985036327007464] captured by [VacuumTower id (6) at 4,13:2-southeast]
INFO: scarlite at Point2D.Double[6.500000999499404, 13.500999499501628] is looking to roam...
INFO: scarlite at Point2D.Double[6.500000999499404, 13.500999499501628] is ROAMING: 0.0625
INFO: scarlite at Point2D.Double[6.4116121305908145, 13.933611151852837] is looking to roam...
INFO: scarlite at Point2D.Double[6.4116121305908145, 13.933611151852837] is ROAMING: 0.03125
